  Cell.cpp
C:\Users\gran-\source\repos\OOP 1-2\OOP 1-2\Map.h(10,9): error C2143: синтаксическая ошибка: отсутствие ";" перед "*"
C:\Users\gran-\source\repos\OOP 1-2\OOP 1-2\Map.h(10,9): error C4430: отсутствует спецификатор типа - предполагается int. Примечание. C++ не поддерживает int по умолчанию
C:\Users\gran-\source\repos\OOP 1-2\OOP 1-2\Map.h(10,15): error C2238: непредвиденные лексемы перед ";"
C:\Users\gran-\source\repos\OOP 1-2\OOP 1-2\Map.h(12,9): error C2143: синтаксическая ошибка: отсутствие ";" перед "*"
C:\Users\gran-\source\repos\OOP 1-2\OOP 1-2\Map.h(12,9): error C4430: отсутствует спецификатор типа - предполагается int. Примечание. C++ не поддерживает int по умолчанию
C:\Users\gran-\source\repos\OOP 1-2\OOP 1-2\Map.h(12,20): error C2238: непредвиденные лексемы перед ";"
C:\Users\gran-\source\repos\OOP 1-2\OOP 1-2\Event.h(9,42): error C2061: синтаксическая ошибка: идентификатор "Cell"
C:\Users\gran-\source\repos\OOP 1-2\OOP 1-2\Cell.cpp(11,31): error C2259: "Clear_cell": невозможно создать экземпляр абстрактного класса
C:\Users\gran-\source\repos\OOP 1-2\OOP 1-2\Clear_cell.h(6): message : см. объявление "Clear_cell"
C:\Users\gran-\source\repos\OOP 1-2\OOP 1-2\Cell.cpp(11,31): message : из-за следующих членов:
C:\Users\gran-\source\repos\OOP 1-2\OOP 1-2\Cell.cpp(11,31): message : void Event::trigger(Player &): абстрактный
C:\Users\gran-\source\repos\OOP 1-2\OOP 1-2\Event.h(9): message : см. объявление "Event::trigger"
C:\Users\gran-\source\repos\OOP 1-2\OOP 1-2\Cell.cpp(11,17): error C2259: "Clear_cell": невозможно создать экземпляр абстрактного класса
C:\Users\gran-\source\repos\OOP 1-2\OOP 1-2\Clear_cell.h(6): message : см. объявление "Clear_cell"
C:\Users\gran-\source\repos\OOP 1-2\OOP 1-2\Cell.cpp(11,17): message : из-за следующих членов:
C:\Users\gran-\source\repos\OOP 1-2\OOP 1-2\Cell.cpp(11,17): message : void Event::trigger(Player &): абстрактный
C:\Users\gran-\source\repos\OOP 1-2\OOP 1-2\Event.h(9): message : см. объявление "Event::trigger"
C:\Users\gran-\source\repos\OOP 1-2\OOP 1-2\Cell.cpp(15,26): error C2259: "Trap": невозможно создать экземпляр абстрактного класса
C:\Users\gran-\source\repos\OOP 1-2\OOP 1-2\Trap.h(4): message : см. объявление "Trap"
C:\Users\gran-\source\repos\OOP 1-2\OOP 1-2\Cell.cpp(15,26): message : из-за следующих членов:
C:\Users\gran-\source\repos\OOP 1-2\OOP 1-2\Cell.cpp(15,26): message : void Event::trigger(Player &): абстрактный
C:\Users\gran-\source\repos\OOP 1-2\OOP 1-2\Event.h(9): message : см. объявление "Event::trigger"
C:\Users\gran-\source\repos\OOP 1-2\OOP 1-2\Cell.cpp(15,17): error C2259: "Trap": невозможно создать экземпляр абстрактного класса
C:\Users\gran-\source\repos\OOP 1-2\OOP 1-2\Trap.h(4): message : см. объявление "Trap"
C:\Users\gran-\source\repos\OOP 1-2\OOP 1-2\Cell.cpp(15,17): message : из-за следующих членов:
C:\Users\gran-\source\repos\OOP 1-2\OOP 1-2\Cell.cpp(15,17): message : void Event::trigger(Player &): абстрактный
C:\Users\gran-\source\repos\OOP 1-2\OOP 1-2\Event.h(9): message : см. объявление "Event::trigger"
C:\Users\gran-\source\repos\OOP 1-2\OOP 1-2\Cell.cpp(24,27): error C2259: "Clear_cell": невозможно создать экземпляр абстрактного класса
C:\Users\gran-\source\repos\OOP 1-2\OOP 1-2\Clear_cell.h(6): message : см. объявление "Clear_cell"
C:\Users\gran-\source\repos\OOP 1-2\OOP 1-2\Cell.cpp(24,27): message : из-за следующих членов:
C:\Users\gran-\source\repos\OOP 1-2\OOP 1-2\Cell.cpp(24,27): message : void Event::trigger(Player &): абстрактный
C:\Users\gran-\source\repos\OOP 1-2\OOP 1-2\Event.h(9): message : см. объявление "Event::trigger"
  Event.cpp
C:\Users\gran-\source\repos\OOP 1-2\OOP 1-2\Cell.h(8,10): error C2143: синтаксическая ошибка: отсутствие ";" перед "*"
C:\Users\gran-\source\repos\OOP 1-2\OOP 1-2\Cell.h(8,10): error C4430: отсутствует спецификатор типа - предполагается int. Примечание. C++ не поддерживает int по умолчанию
C:\Users\gran-\source\repos\OOP 1-2\OOP 1-2\Cell.h(8,17): error C2238: непредвиденные лексемы перед ";"
  Field_view.cpp
C:\Users\gran-\source\repos\OOP 1-2\OOP 1-2\Event.h(9,42): error C2061: синтаксическая ошибка: идентификатор "Cell"
  Gate.cpp
C:\Users\gran-\source\repos\OOP 1-2\OOP 1-2\Cell.h(8,10): error C2143: синтаксическая ошибка: отсутствие ";" перед "*"
C:\Users\gran-\source\repos\OOP 1-2\OOP 1-2\Cell.h(8,10): error C4430: отсутствует спецификатор типа - предполагается int. Примечание. C++ не поддерживает int по умолчанию
C:\Users\gran-\source\repos\OOP 1-2\OOP 1-2\Cell.h(8,17): error C2238: непредвиденные лексемы перед ";"
  Loop.cpp
C:\Users\gran-\source\repos\OOP 1-2\OOP 1-2\Event.h(9,42): error C2061: синтаксическая ошибка: идентификатор "Cell"
C:\Users\gran-\source\repos\OOP 1-2\OOP 1-2\Loop.cpp(12,19): error C2059: синтаксическая ошибка: .
C:\Users\gran-\source\repos\OOP 1-2\OOP 1-2\Loop.cpp(13,9): error C2065: Controller: необъявленный идентификатор
  Map.cpp
C:\Users\gran-\source\repos\OOP 1-2\OOP 1-2\Event.h(9,42): error C2061: синтаксическая ошибка: идентификатор "Cell"
C:\Users\gran-\source\repos\OOP 1-2\OOP 1-2\Map.cpp(5,6): error C2600: Map::Map: нельзя определить специальную функцию-член, созданную компилятором (сначала необходимо объявить ее в классе)
  Mover.cpp
C:\Users\gran-\source\repos\OOP 1-2\OOP 1-2\Event.h(9,42): error C2061: синтаксическая ошибка: идентификатор "Cell"
  Player.cpp
C:\Users\gran-\source\repos\OOP 1-2\OOP 1-2\Player.cpp(8,10): error C2600: Player::~Player: нельзя определить специальную функцию-член, созданную компилятором (сначала необходимо объявить ее в классе)
C:\Users\gran-\source\repos\OOP 1-2\OOP 1-2\Player.cpp(11,5): warning C4552: "+": результат выражения не используется
  Take_key.cpp
C:\Users\gran-\source\repos\OOP 1-2\OOP 1-2\Cell.h(8,10): error C2143: синтаксическая ошибка: отсутствие ";" перед "*"
C:\Users\gran-\source\repos\OOP 1-2\OOP 1-2\Cell.h(8,10): error C4430: отсутствует спецификатор типа - предполагается int. Примечание. C++ не поддерживает int по умолчанию
C:\Users\gran-\source\repos\OOP 1-2\OOP 1-2\Cell.h(8,17): error C2238: непредвиденные лексемы перед ";"
  Trap.cpp
C:\Users\gran-\source\repos\OOP 1-2\OOP 1-2\Cell.h(8,10): error C2143: синтаксическая ошибка: отсутствие ";" перед "*"
C:\Users\gran-\source\repos\OOP 1-2\OOP 1-2\Cell.h(8,10): error C4430: отсутствует спецификатор типа - предполагается int. Примечание. C++ не поддерживает int по умолчанию
C:\Users\gran-\source\repos\OOP 1-2\OOP 1-2\Cell.h(8,17): error C2238: непредвиденные лексемы перед ";"
  Создание кода...
